<?xml version="1.0" encoding="UTF-8"?>
<!-- Generated by org.testng.reporters.JUnitReportReporter -->
<testsuite hostname="DESKTOP-UMEFVFH" failures="0" tests="2" name="day35_pack1.Class4" time="0.014" errors="0" timestamp="2024-03-10T17:32:37 IST" skipped="0">
  <testcase classname="day35_pack1.Class4" name="Dnyanada" time="0.006"/>
  <system-out/>
  <testcase classname="day35_pack1.Class4" name="Dnyanada" time="0.008"/>
  <system-out/>
</testsuite> <!-- day35_pack1.Class4 -->
