<?xml version="1.0" encoding="UTF-8"?>
<!-- Generated by org.testng.reporters.JUnitReportReporter -->
<testsuite hostname="DESKTOP-UMEFVFH" failures="0" tests="3" name="day36.Grouping_demo" time="0.053" errors="0" timestamp="2024-03-11T21:14:38 IST" skipped="0">
  <testcase classname="day36.Grouping_demo" name="signupByFacebook" time="0.049"/>
  <system-out/>
  <testcase classname="day36.Grouping_demo" name="signupByTwitter" time="0.002"/>
  <system-out/>
  <testcase classname="day36.Grouping_demo" name="paymentReturnbyBank" time="0.002"/>
  <system-out/>
</testsuite> <!-- day36.Grouping_demo -->
