<?xml version="1.0" encoding="UTF-8"?>
<!-- Generated by org.testng.reporters.JUnitReportReporter -->
<testsuite hostname="DESKTOP-UMEFVFH" failures="0" tests="3" name="day34.ForthTest" time="0.038" errors="0" timestamp="2024-03-10T00:33:34 IST" skipped="0">
  <testcase classname="day34.ForthTest" name="openapp" time="0.024"/>
  <system-out/>
  <testcase classname="day34.ForthTest" name="Login" time="0.007"/>
  <system-out/>
  <testcase classname="day34.ForthTest" name="closeApp" time="0.007"/>
  <system-out/>
</testsuite> <!-- day34.ForthTest -->
