<?xml version="1.0" encoding="UTF-8"?>
<!-- Generated by org.testng.reporters.JUnitReportReporter -->
<testsuite hostname="DESKTOP-UMEFVFH" failures="0" tests="6" name="day37.InvocationCount_demo2" time="0.198" errors="0" timestamp="2024-03-12T18:47:02 IST" skipped="0">
  <testcase classname="day37.InvocationCount_demo2" name="test" time="0.037"/>
  <system-out/>
  <testcase classname="day37.InvocationCount_demo2" name="test" time="0.006"/>
  <system-out/>
  <testcase classname="day37.InvocationCount_demo2" name="test" time="0.064"/>
  <system-out/>
  <testcase classname="day37.InvocationCount_demo2" name="test_2" time="0.046"/>
  <system-out/>
  <testcase classname="day37.InvocationCount_demo2" name="test" time="0.017"/>
  <system-out/>
  <testcase classname="day37.InvocationCount_demo2" name="test" time="0.028"/>
  <system-out/>
</testsuite> <!-- day37.InvocationCount_demo2 -->
