<?xml version="1.0" encoding="UTF-8"?>
<!-- Generated by org.testng.reporters.JUnitReportReporter -->
<testsuite hostname="DESKTOP-UMEFVFH" failures="0" tests="3" name="day34.FirstTest" time="0.047" errors="0" timestamp="2024-03-09T18:52:17 IST" skipped="0">
  <testcase classname="day34.FirstTest" name="OpenApp" time="0.027"/>
  <system-out/>
  <testcase classname="day34.FirstTest" name="Login" time="0.014"/>
  <system-out/>
  <testcase classname="day34.FirstTest" name="Logout" time="0.006"/>
  <system-out/>
</testsuite> <!-- day34.FirstTest -->
