<?xml version="1.0" encoding="UTF-8"?>
<!-- Generated by org.testng.reporters.JUnitReportReporter -->
<testsuite hostname="DESKTOP-UMEFVFH" failures="0" tests="2" name="day35_pack1.Class_2" time="0.012" errors="0" timestamp="2024-03-10T16:39:47 IST" skipped="0">
  <testcase classname="day35_pack1.Class_2" name="xyz" time="0.008"/>
  <system-out/>
  <testcase classname="day35_pack1.Class_2" name="xyz" time="0.004"/>
  <system-out/>
</testsuite> <!-- day35_pack1.Class_2 -->
