<?xml version="1.0" encoding="UTF-8"?>
<!-- Generated by org.testng.reporters.JUnitReportReporter -->
<testsuite hostname="DESKTOP-UMEFVFH" failures="0" tests="2" name="day35.AllAnnotations" time="0.085" errors="0" timestamp="2024-03-10T19:25:37 IST" skipped="0">
  <testcase classname="day35.AllAnnotations" name="tm1" time="0.066"/>
  <system-out/>
  <testcase classname="day35.AllAnnotations" name="tm2" time="0.019"/>
  <system-out/>
</testsuite> <!-- day35.AllAnnotations -->
