<?xml version="1.0" encoding="UTF-8"?>
<!-- Generated by org.testng.reporters.JUnitReportReporter -->
<testsuite hostname="DESKTOP-UMEFVFH" failures="0" tests="3" name="day34.ThirdTest" time="0.017" errors="0" timestamp="2024-03-10T00:21:11 IST" skipped="0">
  <testcase classname="day34.ThirdTest" name="Test1" time="0.004"/>
  <system-out/>
  <testcase classname="day34.ThirdTest" name="Test2" time="0.007"/>
  <system-out/>
  <testcase classname="day34.ThirdTest" name="Test3" time="0.006"/>
  <system-out/>
</testsuite> <!-- day34.ThirdTest -->
