<?xml version="1.0" encoding="UTF-8"?>
<!-- Generated by org.testng.reporters.JUnitReportReporter -->
<testsuite hostname="DESKTOP-UMEFVFH" failures="0" tests="5" name="day36.DataProvider_demo2" time="8.907" errors="0" timestamp="2024-03-12T00:50:59 IST" skipped="0">
  <testcase classname="day36.DataProvider_demo2" name="testLogin" time="1.421"/>
  <system-out/>
  <testcase classname="day36.DataProvider_demo2" name="testLogin" time="1.474"/>
  <system-out/>
  <testcase classname="day36.DataProvider_demo2" name="testLogin" time="1.411"/>
  <system-out/>
  <testcase classname="day36.DataProvider_demo2" name="testLogin" time="1.452"/>
  <system-out/>
  <testcase classname="day36.DataProvider_demo2" name="testLogin" time="3.149"/>
  <system-out/>
</testsuite> <!-- day36.DataProvider_demo2 -->
