<?xml version="1.0" encoding="UTF-8"?>
<!-- Generated by org.testng.reporters.JUnitReportReporter -->
<testsuite hostname="DESKTOP-UMEFVFH" failures="0" tests="2" name="day35_pack1.Class_1" time="0.031" errors="0" timestamp="2024-03-10T16:39:47 IST" skipped="0">
  <testcase classname="day35_pack1.Class_1" name="abc" time="0.026"/>
  <system-out/>
  <testcase classname="day35_pack1.Class_1" name="abc" time="0.005"/>
  <system-out/>
</testsuite> <!-- day35_pack1.Class_1 -->
