<?xml version="1.0" encoding="UTF-8"?>
<!-- Generated by org.testng.reporters.JUnitReportReporter -->
<testsuite hostname="DESKTOP-UMEFVFH" failures="0" tests="2" name="day35.AnnotationDemo_2" time="0.021" errors="0" timestamp="2024-03-10T15:55:08 IST" skipped="0">
  <testcase classname="day35.AnnotationDemo_2" name="search" time="0.016"/>
  <system-out/>
  <testcase classname="day35.AnnotationDemo_2" name="advancedsearch" time="0.005"/>
  <system-out/>
</testsuite> <!-- day35.AnnotationDemo_2 -->
