<?xml version="1.0" encoding="UTF-8"?>
<!-- Generated by org.testng.reporters.JUnitReportReporter -->
<testsuite hostname="DESKTOP-UMEFVFH" failures="0" tests="3" name="day34.SecondTest" time="42.177" errors="0" timestamp="2024-03-10T00:21:11 IST" skipped="0">
  <testcase classname="day34.SecondTest" name="OpenApp" time="39.248"/>
  <system-out/>
  <testcase classname="day34.SecondTest" name="Login" time="2.288"/>
  <system-out/>
  <testcase classname="day34.SecondTest" name="Close" time="0.641"/>
  <system-out/>
</testsuite> <!-- day34.SecondTest -->
