<?xml version="1.0" encoding="UTF-8"?>
<!-- Generated by org.testng.reporters.JUnitReportReporter -->
<testsuite hostname="DESKTOP-UMEFVFH" failures="0" tests="2" name="day39.LoginTest" time="5.341" errors="0" timestamp="2024-03-14T19:07:29 IST" skipped="0">
  <testcase classname="day39.LoginTest" name="testLogo" time="2.257"/>
  <system-out/>
  <testcase classname="day39.LoginTest" name="testlogin" time="3.084"/>
  <system-out/>
</testsuite> <!-- day39.LoginTest -->
