<?xml version="1.0" encoding="UTF-8"?>
<!-- Generated by org.testng.reporters.JUnitReportReporter -->
<testsuite hostname="DESKTOP-UMEFVFH" failures="0" tests="3" name="day34.Fifth_Test" time="0.014" errors="0" timestamp="2024-03-10T00:33:34 IST" skipped="0">
  <testcase classname="day34.Fifth_Test" name="test1" time="0.003"/>
  <system-out/>
  <testcase classname="day34.Fifth_Test" name="test2" time="0.004"/>
  <system-out/>
  <testcase classname="day34.Fifth_Test" name="test3" time="0.007"/>
  <system-out/>
</testsuite> <!-- day34.Fifth_Test -->
