<?xml version="1.0" encoding="UTF-8"?>
<!-- Generated by org.testng.reporters.JUnitReportReporter -->
<testsuite hostname="DESKTOP-UMEFVFH" failures="0" tests="2" name="day39.LoginTest2" time="4.811" errors="0" timestamp="2024-03-14T20:02:16 IST" skipped="0">
  <testcase classname="day39.LoginTest2" name="testLogo" time="1.019"/>
  <system-out/>
  <testcase classname="day39.LoginTest2" name="testLogin" time="3.792"/>
  <system-out/>
</testsuite> <!-- day39.LoginTest2 -->
