<?xml version="1.0" encoding="UTF-8"?>
<!-- Generated by org.testng.reporters.JUnitReportReporter -->
<testsuite hostname="DESKTOP-UMEFVFH" failures="0" tests="11" name="day37.InvocationCount_Demo" time="0.145" errors="0" timestamp="2024-03-12T11:24:42 IST" skipped="0">
  <testcase classname="day37.InvocationCount_Demo" name="test_repeat" time="0.006"/>
  <system-out/>
  <testcase classname="day37.InvocationCount_Demo" name="test" time="0.028"/>
  <system-out/>
  <testcase classname="day37.InvocationCount_Demo" name="test_repeat" time="0.059"/>
  <system-out/>
  <testcase classname="day37.InvocationCount_Demo" name="test_repeat" time="0.008"/>
  <system-out/>
  <testcase classname="day37.InvocationCount_Demo" name="test_repeat" time="0.004"/>
  <system-out/>
  <testcase classname="day37.InvocationCount_Demo" name="test_repeat" time="0.009"/>
  <system-out/>
  <testcase classname="day37.InvocationCount_Demo" name="test_repeat" time="0.011"/>
  <system-out/>
  <testcase classname="day37.InvocationCount_Demo" name="test_repeat" time="0.005"/>
  <system-out/>
  <testcase classname="day37.InvocationCount_Demo" name="test_repeat" time="0.004"/>
  <system-out/>
  <testcase classname="day37.InvocationCount_Demo" name="test_repeat" time="0.004"/>
  <system-out/>
  <testcase classname="day37.InvocationCount_Demo" name="test_repeat" time="0.007"/>
  <system-out/>
</testsuite> <!-- day37.InvocationCount_Demo -->
