<?xml version="1.0" encoding="UTF-8"?>
<!-- Generated by org.testng.reporters.JUnitReportReporter -->
<testsuite hostname="DESKTOP-UMEFVFH" failures="0" tests="2" name="day35.AnnotationDemo_1" time="0.101" errors="0" timestamp="2024-03-10T12:46:09 IST" skipped="0">
  <testcase classname="day35.AnnotationDemo_1" name="search" time="0.078"/>
  <system-out/>
  <testcase classname="day35.AnnotationDemo_1" name="advancedSearch" time="0.023"/>
  <system-out/>
</testsuite> <!-- day35.AnnotationDemo_1 -->
