<?xml version="1.0" encoding="UTF-8"?>
<!-- Generated by org.testng.reporters.JUnitReportReporter -->
<testsuite hostname="DESKTOP-UMEFVFH" failures="0" tests="3" name="day39_copy.LoginTest" time="3.304" errors="0" timestamp="2024-03-14T21:38:33 IST" skipped="0">
  <testcase classname="day39_copy.LoginTest" name="checklogopresent" time="0.274"/>
  <system-out/>
  <testcase classname="day39_copy.LoginTest" name="clickLoginButton" time="2.832"/>
  <system-out/>
  <testcase classname="day39_copy.LoginTest" name="myAccPresent" time="0.198"/>
  <system-out/>
</testsuite> <!-- day39_copy.LoginTest -->
