<?xml version="1.0" encoding="UTF-8"?>
<!-- Generated by org.testng.reporters.JUnitReportReporter -->
<testsuite hostname="DESKTOP-UMEFVFH" failures="0" tests="2" name="day35_pack1.Class3" time="0.026" errors="0" timestamp="2024-03-12T00:55:28 IST" skipped="0">
  <testcase classname="day35_pack1.Class3" name="shantanu" time="0.011"/>
  <system-out/>
  <testcase classname="day35_pack1.Class3" name="parth" time="0.015"/>
  <system-out/>
</testsuite> <!-- day35_pack1.Class3 -->
